<?xml version="1.0" encoding="utf-8"?><testsuites name="pytest tests"><testsuite name="pytest" errors="0" failures="0" skipped="0" tests="19" time="8.572" timestamp="2026-06-29T18:11:24.219381+00:00" hostname="agent-env-856bc662-2e0b-4df6-bd58-4822999623cf"><testcase classname="tests.backend_test.TestLeads" name="test_create_lead_happy" time="0.465" /><testcase classname="tests.backend_test.TestAdmin" name="test_list_leads" time="0.632" /><testcase classname="tests.backend_test.TestLeads" name="test_create_lead_validation_email" time="0.218" /><testcase classname="tests.backend_test.TestAdmin" name="test_list_leads_with_query" time="0.151" /><testcase classname="tests.backend_test.TestLeads" name="test_create_lead_validation_desc" time="0.119" /><testcase classname="tests.backend_test.TestAdmin" name="test_analytics" time="0.103" /><testcase classname="tests.backend_test.TestLeads" name="test_create_lead_with_file" time="0.157" /><testcase classname="tests.backend_test.TestAdmin" name="test_export_csv" time="0.169" /><testcase classname="tests.backend_test.TestAuth" name="test_login_good" time="0.370" /><testcase classname="tests.backend_test.TestAdmin" name="test_update_lead_status" time="0.800" /><testcase classname="tests.backend_test.TestAuth" name="test_login_bad" time="0.321" /><testcase classname="tests.backend_test.TestAuth" name="test_admin_requires_auth" time="0.111" /><testcase classname="tests.backend_test.TestCareers" name="test_apply_career_happy" time="0.151" /><testcase classname="tests.backend_test.TestAdmin" name="test_update_status_invalid" time="0.201" /><testcase classname="tests.backend_test.TestCareers" name="test_apply_career_validation" time="0.104" /><testcase classname="tests.backend_test.TestHealth" name="test_health" time="0.097" /><testcase classname="tests.backend_test.TestAdmin" name="test_delete_lead" time="0.675" /><testcase classname="tests.backend_test.TestChat" name="test_chat_reply" time="5.609" /><testcase classname="tests.backend_test.TestAdmin" name="test_delete_lead_not_found" time="0.106" /></testsuite></testsuites>