<?xml version="1.0" encoding="utf-8"?><testsuites name="pytest tests"><testsuite name="pytest" errors="0" failures="0" skipped="0" tests="27" time="9.946" timestamp="2026-06-29T19:15:36.756516+00:00" hostname="agent-env-856bc662-2e0b-4df6-bd58-4822999623cf"><testcase classname="tests.backend_test.TestNewsletter" name="test_subscribe_new" time="0.506" /><testcase classname="tests.backend_test.TestAdmin" name="test_list_leads" time="0.617" /><testcase classname="tests.backend_test.TestNewsletter" name="test_subscribe_duplicate" time="0.113" /><testcase classname="tests.backend_test.TestAdmin" name="test_list_leads_with_query" time="0.113" /><testcase classname="tests.backend_test.TestNewsletter" name="test_subscribe_invalid_email" time="0.184" /><testcase classname="tests.backend_test.TestAdmin" name="test_analytics" time="0.169" /><testcase classname="tests.backend_test.TestAdmin" name="test_export_csv" time="0.269" /><testcase classname="tests.backend_test.TestAdmin" name="test_update_lead_status" time="0.480" /><testcase classname="tests.backend_test.TestNewsletter" name="test_admin_list_newsletter" time="0.481" /><testcase classname="tests.backend_test.TestNewsletter" name="test_admin_newsletter_auth_required" time="0.112" /><testcase classname="tests.backend_test.TestNewsletter" name="test_analytics_has_subscribers" time="0.159" /><testcase classname="tests.backend_test.TestNewsletter" name="test_delete_subscriber" time="0.150" /><testcase classname="tests.backend_test.TestAdmin" name="test_update_status_invalid" time="0.237" /><testcase classname="tests.backend_test.TestNewsletter" name="test_delete_subscriber_not_found" time="0.152" /><testcase classname="tests.backend_test.TestLeads" name="test_create_lead_happy" time="0.119" /><testcase classname="tests.backend_test.TestAdmin" name="test_delete_lead" time="0.423" /><testcase classname="tests.backend_test.TestLeads" name="test_create_lead_validation_email" time="0.141" /><testcase classname="tests.backend_test.TestLeads" name="test_create_lead_validation_desc" time="0.114" /><testcase classname="tests.backend_test.TestLeads" name="test_create_lead_with_file" time="0.122" /><testcase classname="tests.backend_test.TestAdmin" name="test_delete_lead_not_found" time="0.107" /><testcase classname="tests.backend_test.TestCareers" name="test_apply_career_happy" time="0.124" /><testcase classname="tests.backend_test.TestAuth" name="test_login_good" time="0.329" /><testcase classname="tests.backend_test.TestCareers" name="test_apply_career_validation" time="0.262" /><testcase classname="tests.backend_test.TestAuth" name="test_login_bad" time="0.341" /><testcase classname="tests.backend_test.TestHealth" name="test_health" time="1.038" /><testcase classname="tests.backend_test.TestAuth" name="test_admin_requires_auth" time="0.119" /><testcase classname="tests.backend_test.TestChat" name="test_chat_reply" time="5.446" /></testsuite></testsuites>